app/build/intermediates/manifest_merge_blame_file/debug/manifest-merger-blame-debug-report.txt
1<?xml version="1.0" encoding="utf-8"?>
2<manifest xmlns:android="http://schemas.android.com/apk/res/android"
3    package="com.vv.nasapod"
4    android:versionCode="1"
5    android:versionName="1.0" >
6
7    <uses-sdk
8        android:minSdkVersion="23"
8-->src\main\AndroidManifest.xml
9        android:targetSdkVersion="29" />
9-->src\main\AndroidManifest.xml
10
11    <uses-permission android:name="android.permission.INTERNET" />
11-->src\main\AndroidManifest.xml:5:5-66
11-->src\main\AndroidManifest.xml:5:22-64
12    <uses-permission android:name="android.permission.WRITE_EXTERNAL_STORAGE" />
12-->src\main\AndroidManifest.xml:6:5-80
12-->src\main\AndroidManifest.xml:6:22-78
13    <uses-permission android:name="android.permission.READ_EXTERNAL_STORAGE" />
13-->src\main\AndroidManifest.xml:7:5-79
13-->src\main\AndroidManifest.xml:7:22-77
14    <uses-permission android:name="android.permission.ACCESS_NETWORK_STATE" />
14-->[com.google.android.exoplayer:exoplayer-core:2.10.4] AndroidManifest.xml:24:5-79
14-->[com.google.android.exoplayer:exoplayer-core:2.10.4] AndroidManifest.xml:24:22-76
15
16    <application
16-->src\main\AndroidManifest.xml:9:5-28:19
17        android:name="com.vv.nasapod.Nasa"
17-->src\main\AndroidManifest.xml:13:9-29
18        android:allowBackup="true"
18-->src\main\AndroidManifest.xml:10:9-35
19        android:appComponentFactory="androidx.core.app.CoreComponentFactory"
19-->[androidx.core:core:1.3.0] AndroidManifest.xml:24:18-86
20        android:debuggable="true"
21        android:extractNativeLibs="false"
22        android:icon="@mipmap/ic_launcher"
22-->src\main\AndroidManifest.xml:11:9-43
23        android:label="@string/app_name"
23-->src\main\AndroidManifest.xml:12:9-41
24        android:roundIcon="@mipmap/ic_launcher_round"
24-->src\main\AndroidManifest.xml:14:9-54
25        android:supportsRtl="true"
25-->src\main\AndroidManifest.xml:15:9-35
26        android:testOnly="true"
27        android:theme="@style/Theme.Nasa"
27-->src\main\AndroidManifest.xml:17:9-42
28        android:usesCleartextTraffic="true" >
28-->src\main\AndroidManifest.xml:16:9-44
29        <activity android:name="com.vv.nasapod.ui.NasaActivity" >
29-->src\main\AndroidManifest.xml:18:9-24:20
29-->src\main\AndroidManifest.xml:18:19-50
30            <intent-filter>
30-->src\main\AndroidManifest.xml:19:13-23:29
31                <action android:name="android.intent.action.MAIN" />
31-->src\main\AndroidManifest.xml:20:17-69
31-->src\main\AndroidManifest.xml:20:25-66
32
33                <category android:name="android.intent.category.LAUNCHER" />
33-->src\main\AndroidManifest.xml:22:17-77
33-->src\main\AndroidManifest.xml:22:27-74
34            </intent-filter>
35        </activity>
36
37        <meta-data
37-->src\main\AndroidManifest.xml:25:9-27:57
38            android:name="preloaded_fonts"
38-->src\main\AndroidManifest.xml:26:13-43
39            android:resource="@array/preloaded_fonts" />
39-->src\main\AndroidManifest.xml:27:13-54
40
41        <provider
41-->[com.squareup.picasso:picasso:2.71828] AndroidManifest.xml:8:9-11:40
42            android:name="com.squareup.picasso.PicassoProvider"
42-->[com.squareup.picasso:picasso:2.71828] AndroidManifest.xml:9:13-64
43            android:authorities="com.vv.nasapod.com.squareup.picasso"
43-->[com.squareup.picasso:picasso:2.71828] AndroidManifest.xml:10:13-72
44            android:exported="false" />
44-->[com.squareup.picasso:picasso:2.71828] AndroidManifest.xml:11:13-37
45        <provider
45-->[androidx.lifecycle:lifecycle-process:2.2.0] AndroidManifest.xml:25:9-29:43
46            android:name="androidx.lifecycle.ProcessLifecycleOwnerInitializer"
46-->[androidx.lifecycle:lifecycle-process:2.2.0] AndroidManifest.xml:26:13-79
47            android:authorities="com.vv.nasapod.lifecycle-process"
47-->[androidx.lifecycle:lifecycle-process:2.2.0] AndroidManifest.xml:27:13-69
48            android:exported="false"
48-->[androidx.lifecycle:lifecycle-process:2.2.0] AndroidManifest.xml:28:13-37
49            android:multiprocess="true" />
49-->[androidx.lifecycle:lifecycle-process:2.2.0] AndroidManifest.xml:29:13-40
50    </application>
51
52</manifest>